[    0.000000] Initializing cgroup subsys cpuset
[    0.000000] Initializing cgroup subsys cpu
[    0.000000] Initializing cgroup subsys cpuacct
[    0.000000] Linux version 4.4.0-53-generic (buildd@lcy01-28) (gcc version 5.4.0 20160609 (Ubuntu 5.4.0-6ubuntu1~16.04.4) ) #74-Ubuntu SMP Fri Dec 2 15:59:10 UTC 2016 (Ubuntu 4.4.0-53.74-generic 4.4.30)
[    0.000000] Command line: BOOT_IMAGE=/boot/vmlinuz-4.4.0-53-generic root=LABEL=cloudimg-rootfs ro console=tty1 console=ttyS0
[    0.000000] KERNEL supported cpus:
[    0.000000]   Intel GenuineIntel
[    0.000000]   AMD AuthenticAMD
[    0.000000]   Centaur CentaurHauls
[    0.000000] x86/fpu: xstate_offset[2]:  576, xstate_sizes[2]:  256
[    0.000000] x86/fpu: Supporting XSAVE feature 0x01: 'x87 floating point registers'
[    0.000000] x86/fpu: Supporting XSAVE feature 0x02: 'SSE registers'
[    0.000000] x86/fpu: Supporting XSAVE feature 0x04: 'AVX registers'
[    0.000000] x86/fpu: Enabled xstate features 0x7, context size is 832 bytes, using 'standard' format.
[    0.000000] x86/fpu: Using 'lazy' FPU context switches.
[    0.000000] e820: BIOS-provided physical RAM map:
[    0.000000] BIOS-e820: [mem 0x0000000000000000-0x000000000009fbff] usable
[    0.000000] BIOS-e820: [mem 0x000000000009fc00-0x000000000009ffff] reserved
[    0.000000] BIOS-e820: [mem 0x00000000000f0000-0x00000000000fffff] reserved
[    0.000000] BIOS-e820: [mem 0x0000000000100000-0x000000003ffeffff] usable
[    0.000000] BIOS-e820: [mem 0x000000003fff0000-0x000000003fffffff] ACPI data
[    0.000000] BIOS-e820: [mem 0x00000000fec00000-0x00000000fec00fff] reserved
[    0.000000] BIOS-e820: [mem 0x00000000fee00000-0x00000000fee00fff] reserved
[    0.000000] BIOS-e820: [mem 0x00000000fffc0000-0x00000000ffffffff] reserved
[    0.000000] NX (Execute Disable) protection: active
[    0.000000] SMBIOS 2.5 present.
[    0.000000] Hypervisor detected: KVM
[    0.000000] e820: last_pfn = 0x3fff0 max_arch_pfn = 0x400000000
[    0.000000] MTRR: Disabled
[    0.000000] x86/PAT: MTRRs disabled, skipping PAT initialization too.
[    0.000000] x86/PAT: Configuration [0-7]: WB  WT  UC- UC  WB  WT  UC- UC  
[    0.000000] CPU MTRRs all blank - virtualized system.
[    0.000000] found SMP MP-table at [mem 0x0009fff0-0x0009ffff] mapped at [ffff88000009fff0]
[    0.000000] Scanning 1 areas for low memory corruption
[    0.000000] RAMDISK: [mem 0x36f5a000-0x377a4fff]
[    0.000000] ACPI: Early table checksum verification disabled
[    0.000000] ACPI: RSDP 0x00000000000E0000 000024 (v02 VBOX  )
[    0.000000] ACPI: XSDT 0x000000003FFF0030 00003C (v01 VBOX   VBOXXSDT 00000001 ASL  00000061)
[    0.000000] ACPI: FACP 0x000000003FFF00F0 0000F4 (v04 VBOX   VBOXFACP 00000001 ASL  00000061)
[    0.000000] ACPI: DSDT 0x000000003FFF0470 00210F (v01 VBOX   VBOXBIOS 00000002 INTL 20100528)
[    0.000000] ACPI: FACS 0x000000003FFF0200 000040
[    0.000000] ACPI: FACS 0x000000003FFF0200 000040
[    0.000000] ACPI: APIC 0x000000003FFF0240 00005C (v02 VBOX   VBOXAPIC 00000001 ASL  00000061)
[    0.000000] ACPI: SSDT 0x000000003FFF02A0 0001CC (v01 VBOX   VBOXCPUT 00000002 INTL 20100528)
[    0.000000] No NUMA configuration found
[    0.000000] Faking a node at [mem 0x0000000000000000-0x000000003ffeffff]
[    0.000000] NODE_DATA(0) allocated [mem 0x3ffeb000-0x3ffeffff]
[    0.000000] kvm-clock: Using msrs 4b564d01 and 4b564d00
[    0.000000] kvm-clock: cpu 0, msr 0:3ffe7001, primary cpu clock
[    0.000000] kvm-clock: using sched offset of 2965349375 cycles
[    0.000000] clocksource: kvm-clock: mask: 0xffffffffffffffff max_cycles: 0x1cd42e4dffb, max_idle_ns: 881590591483 ns
[    0.000000] Zone ranges:
[    0.000000]   DMA      [mem 0x0000000000001000-0x0000000000ffffff]
[    0.000000]   DMA32    [mem 0x0000000001000000-0x000000003ffeffff]
[    0.000000]   Normal   empty
[    0.000000]   Device   empty
[    0.000000] Movable zone start for each node
[    0.000000] Early memory node ranges
[    0.000000]   node   0: [mem 0x0000000000001000-0x000000000009efff]
[    0.000000]   node   0: [mem 0x0000000000100000-0x000000003ffeffff]
[    0.000000] Initmem setup node 0 [mem 0x0000000000001000-0x000000003ffeffff]
[    0.000000] ACPI: PM-Timer IO Port: 0x4008
[    0.000000] IOAPIC[0]: apic_id 2, version 32, address 0xfec00000, GSI 0-23
[    0.000000] ACPI: INT_SRC_OVR (bus 0 bus_irq 0 global_irq 2 dfl dfl)
[    0.000000] ACPI: INT_SRC_OVR (bus 0 bus_irq 9 global_irq 9 high level)
[    0.000000] Using ACPI (MADT) for SMP configuration information
[    0.000000] smpboot: Allowing 2 CPUs, 0 hotplug CPUs
[    0.000000] PM: Registered nosave memory: [mem 0x00000000-0x00000fff]
[    0.000000] PM: Registered nosave memory: [mem 0x0009f000-0x0009ffff]
[    0.000000] PM: Registered nosave memory: [mem 0x000a0000-0x000effff]
[    0.000000] PM: Registered nosave memory: [mem 0x000f0000-0x000fffff]
[    0.000000] e820: [mem 0x40000000-0xfebfffff] available for PCI devices
[    0.000000] Booting paravirtualized kernel on KVM
[    0.000000] clocksource: refined-jiffies: mask: 0xffffffff max_cycles: 0xffffffff, max_idle_ns: 7645519600211568 ns
[    0.000000] setup_percpu: NR_CPUS:256 nr_cpumask_bits:256 nr_cpu_ids:2 nr_node_ids:1
[    0.000000] PERCPU: Embedded 33 pages/cpu @ffff88003fc00000 s98008 r8192 d28968 u1048576
[    0.000000] PV qspinlock hash table entries: 256 (order: 0, 4096 bytes)
[    0.000000] Built 1 zonelists in Node order, mobility grouping on.  Total pages: 257913
[    0.000000] Policy zone: DMA32
[    0.000000] Kernel command line: BOOT_IMAGE=/boot/vmlinuz-4.4.0-53-generic root=LABEL=cloudimg-rootfs ro console=tty1 console=ttyS0
[    0.000000] PID hash table entries: 4096 (order: 3, 32768 bytes)
[    0.000000] Memory: 1004140K/1048120K available (8427K kernel code, 1285K rwdata, 3956K rodata, 1480K init, 1292K bss, 43980K reserved, 0K cma-reserved)
[    0.000000] SLUB: HWalign=64, Order=0-3, MinObjects=0, CPUs=2, Nodes=1
[    0.000000] Hierarchical RCU implementation.
[    0.000000] 	Build-time adjustment of leaf fanout to 64.
[    0.000000] 	RCU restricting CPUs from NR_CPUS=256 to nr_cpu_ids=2.
[    0.000000] RCU: Adjusting geometry for rcu_fanout_leaf=64, nr_cpu_ids=2
[    0.000000] NR_IRQS:16640 nr_irqs:440 16
[    0.000000] Console: colour VGA+ 80x25
[    0.000000] console [tty1] enabled
[    0.000000] console [ttyS0] enabled
[    0.000000] tsc: Detected 3099.998 MHz processor
[    0.668881] Calibrating delay loop (skipped) preset value.. 6199.99 BogoMIPS (lpj=12399992)
[    0.683954] pid_max: default: 32768 minimum: 301
[    0.691568] ACPI: Core revision 20150930
[    0.696068] ACPI: 2 ACPI AML tables successfully acquired and loaded
[    0.697673] Security Framework initialized
[    0.698557] Yama: becoming mindful.
[    0.706144] AppArmor: AppArmor initialized
[    0.707133] Dentry cache hash table entries: 131072 (order: 8, 1048576 bytes)
[    0.714428] Inode-cache hash table entries: 65536 (order: 7, 524288 bytes)
[    0.723078] Mount-cache hash table entries: 2048 (order: 2, 16384 bytes)
[    0.731382] Mountpoint-cache hash table entries: 2048 (order: 2, 16384 bytes)
[    0.733243] Initializing cgroup subsys io
[    0.734159] Initializing cgroup subsys memory
[    0.744941] Initializing cgroup subsys devices
[    0.745890] Initializing cgroup subsys freezer
[    0.754748] Initializing cgroup subsys net_cls
[    0.755734] Initializing cgroup subsys perf_event
[    0.756786] Initializing cgroup subsys net_prio
[    0.758752] Initializing cgroup subsys hugetlb
[    0.759694] Initializing cgroup subsys pids
[    0.760665] CPU: Physical Processor ID: 0
[    0.778336] CPU: Processor Core ID: 0
[    0.780004] mce: CPU supports 0 MCE banks
[    0.780920] Last level iTLB entries: 4KB 64, 2MB 8, 4MB 8
[    0.782022] Last level dTLB entries: 4KB 64, 2MB 0, 4MB 0, 1GB 4
[    0.791032] Freeing SMP alternatives memory: 32K (ffffffff820b5000 - ffffffff820bd000)
[    0.799863] ftrace: allocating 32053 entries in 126 pages
[    0.848074] smpboot: Max logical packages: 1
[    0.864715] smpboot: APIC(0) Converting physical 0 to logical package 0
[    0.900041] x2apic enabled
[    0.918344] Switched APIC routing to physical x2apic.
[    0.920355] ..TIMER: vector=0x30 apic1=0 pin1=2 apic2=-1 pin2=-1
[    1.042686] smpboot: CPU0: Intel(R) Core(TM) i7-5557U CPU @ 3.10GHz (family: 0x6, model: 0x3d, stepping: 0x4)
[    1.059499] Performance Events: unsupported p6 CPU model 61 no PMU driver, software events only.
[    1.090735] KVM setup paravirtual spinlock
[    1.097777] x86: Booting SMP configuration:
[    1.107145] .... node  #0, CPUs:      #1
[    1.138271] kvm-clock: cpu 1, msr 0:3ffe7041, secondary cpu clock
[    1.153241] mce: CPU supports 0 MCE banks
[    1.180086] x86: Booted up 1 node, 2 CPUs
[    1.181204] smpboot: Total of 2 processors activated (12399.99 BogoMIPS)
[    1.190644] devtmpfs: initialized
[    1.224505] evm: security.selinux
[    1.257979] evm: security.SMACK64
[    1.289955] evm: security.SMACK64EXEC
[    1.312906] evm: security.SMACK64TRANSMUTE
[    1.348516] evm: security.SMACK64MMAP
[    1.379867] evm: security.ima
[    1.410786] evm: security.capability
[    1.438708] clocksource: jiffies: mask: 0xffffffff max_cycles: 0xffffffff, max_idle_ns: 7645041785100000 ns
[    1.464176] pinctrl core: initialized pinctrl subsystem
[    1.502183] RTC time: 17:53:00, date: 05/02/17
[    1.527543] NET: Registered protocol family 16
[    1.551440] cpuidle: using governor ladder
[    1.582543] cpuidle: using governor menu
[    1.585975] PCCT header not found.
[    1.590995] ACPI: bus type PCI registered
[    1.594622] acpiphp: ACPI Hot Plug PCI Controller Driver version: 0.5
[    1.601533] PCI: Using configuration type 1 for base access
[    1.622870] ACPI: Added _OSI(Module Device)
[    1.625888] ACPI: Added _OSI(Processor Device)
[    1.628157] ACPI: Added _OSI(3.0 _SCP Extensions)
[    1.629178] ACPI: Added _OSI(Processor Aggregator Device)
[    1.631026] ACPI: Executed 1 blocks of module-level executable AML code
[    1.645826] ACPI: Interpreter enabled
[    1.652339] ACPI: (supports S0 S5)
[    1.682199] ACPI: Using IOAPIC for interrupt routing
[    1.683403] PCI: Using host bridge windows from ACPI; if necessary, use "pci=nocrs" and report a bug
[    1.723404] ACPI: PCI Root Bridge [PCI0] (domain 0000 [bus 00-ff])
[    1.737048] acpi PNP0A03:00: _OSC: OS supports [ASPM ClockPM Segments MSI]
[    1.738395] acpi PNP0A03:00: _OSC failed (AE_NOT_FOUND); disabling ASPM
[    1.739814] acpi PNP0A03:00: fail to add MMCONFIG information, can't access extended PCI configuration space under this bridge.
[    1.786385] PCI host bridge to bus 0000:00
[    1.796440] pci_bus 0000:00: root bus resource [io  0x0000-0x0cf7 window]
[    1.797775] pci_bus 0000:00: root bus resource [io  0x0d00-0xffff window]
[    1.799081] pci_bus 0000:00: root bus resource [mem 0x000a0000-0x000bffff window]
[    1.808756] pci_bus 0000:00: root bus resource [mem 0x40000000-0xffdfffff window]
[    1.861052] pci_bus 0000:00: root bus resource [bus 00-ff]
[    1.918354] pci 0000:00:01.1: legacy IDE quirk: reg 0x10: [io  0x01f0-0x01f7]
[    1.931804] pci 0000:00:01.1: legacy IDE quirk: reg 0x14: [io  0x03f6]
[    1.987404] pci 0000:00:01.1: legacy IDE quirk: reg 0x18: [io  0x0170-0x0177]
[    2.038581] pci 0000:00:01.1: legacy IDE quirk: reg 0x1c: [io  0x0376]
[    2.097835] pci 0000:00:07.0: quirk: [io  0x4000-0x403f] claimed by PIIX4 ACPI
[    2.128716] pci 0000:00:07.0: quirk: [io  0x4100-0x410f] claimed by PIIX4 SMB
[    2.160522] ACPI: PCI Interrupt Link [LNKA] (IRQs 5 9 10 *11)
[    2.197140] ACPI: PCI Interrupt Link [LNKB] (IRQs 5 9 10 *11)
[    2.219468] ACPI: PCI Interrupt Link [LNKC] (IRQs 5 9 *10 11)
[    2.283063] ACPI: PCI Interrupt Link [LNKD] (IRQs 5 *9 10 11)
[    2.284737] ACPI: Enabled 2 GPEs in block 00 to 07
[    2.317728] vgaarb: setting as boot device: PCI:0000:00:02.0
[    2.339983] vgaarb: device added: PCI:0000:00:02.0,decodes=io+mem,owns=io+mem,locks=none
[    2.384507] vgaarb: loaded
[    2.385182] vgaarb: bridge control possible 0000:00:02.0
[    2.411760] SCSI subsystem initialized
[    2.414587] ACPI: bus type USB registered
[    2.447161] usbcore: registered new interface driver usbfs
[    2.479126] usbcore: registered new interface driver hub
[    2.545031] usbcore: registered new device driver usb
[    2.580254] PCI: Using ACPI for IRQ routing
[    2.617045] NetLabel: Initializing
[    2.643469] NetLabel:  domain hash size = 128
[    2.651202] NetLabel:  protocols = UNLABELED CIPSOv4
[    2.709178] NetLabel:  unlabeled traffic allowed by default
[    2.739952] amd_nb: Cannot enumerate AMD northbridges
[    2.758215] clocksource: Switched to clocksource kvm-clock
[    2.782536] AppArmor: AppArmor Filesystem Enabled
[    2.811221] pnp: PnP ACPI init
[    2.838478] pnp: PnP ACPI: found 3 devices
[    2.901793] clocksource: acpi_pm: mask: 0xffffff max_cycles: 0xffffff, max_idle_ns: 2085701024 ns
[    2.934445] NET: Registered protocol family 2
[    2.968739] TCP established hash table entries: 8192 (order: 4, 65536 bytes)
[    2.970115] TCP bind hash table entries: 8192 (order: 5, 131072 bytes)
[    2.989455] TCP: Hash tables configured (established 8192 bind 8192)
[    2.992554] UDP hash table entries: 512 (order: 2, 16384 bytes)
[    3.026947] UDP-Lite hash table entries: 512 (order: 2, 16384 bytes)
[    3.051121] NET: Registered protocol family 1
[    3.053914] pci 0000:00:00.0: Limiting direct PCI/PCI transfers
[    3.076537] pci 0000:00:01.0: Activating ISA DMA hang workarounds
[    3.082823] Trying to unpack rootfs image as initramfs...
[    4.428535] Freeing initrd memory: 8492K (ffff880036f5a000 - ffff8800377a5000)
[    4.436023] RAPL PMU detected, API unit is 2^-32 Joules, 4 fixed counters 10737418240 ms ovfl timer
[    4.438374] hw unit of domain pp0-core 2^-0 Joules
[    4.442482] hw unit of domain package 2^-0 Joules
[    4.443463] hw unit of domain dram 2^-0 Joules
[    4.456088] hw unit of domain pp1-gpu 2^-0 Joules
[    4.479497] platform rtc_cmos: registered platform RTC device (no PNP device found)
[    4.497161] Scanning for low memory corruption every 60 seconds
[    4.500105] futex hash table entries: 512 (order: 3, 32768 bytes)
[    4.510413] audit: initializing netlink subsys (disabled)
[    4.512795] audit: type=2000 audit(1493747586.127:1): initialized
[    4.514834] Initialise system trusted keyring
[    4.516336] HugeTLB registered 2 MB page size, pre-allocated 0 pages
[    4.522138] zbud: loaded
[    4.524454] VFS: Disk quotas dquot_6.6.0
[    4.526979] VFS: Dquot-cache hash table entries: 512 (order 0, 4096 bytes)
[    4.528598] squashfs: version 4.0 (2009/01/31) Phillip Lougher
[    4.532241] fuse init (API version 7.23)
[    4.535791] Key type big_key registered
[    4.536734] Allocating IMA MOK and blacklist keyrings.
[    4.538775] Key type asymmetric registered
[    4.548360] Asymmetric key parser 'x509' registered
[    4.549931] Block layer SCSI generic (bsg) driver version 0.4 loaded (major 249)
[    4.558605] io scheduler noop registered
[    4.560711] io scheduler deadline registered (default)
[    4.562952] io scheduler cfq registered
[    4.565366] pci_hotplug: PCI Hot Plug PCI Core version: 0.5
[    4.576112] pciehp: PCI Express Hot Plug Controller Driver version: 0.4
[    4.579344] ACPI: AC Adapter [AC] (on-line)
[    4.580742] input: Power Button as /devices/LNXSYSTM:00/LNXPWRBN:00/input/input0
[    4.687261] ACPI: Power Button [PWRF]
[    4.742297] input: Sleep Button as /devices/LNXSYSTM:00/LNXSLPBN:00/input/input1
[    4.857486] ACPI: Sleep Button [SLPF]
[    4.916626] GHES: HEST is not enabled!
[    4.919823] ACPI: Battery Slot [BAT0] (battery present)
[    4.999187] Serial: 8250/16550 driver, 32 ports, IRQ sharing enabled
[    5.080565] 00:02: ttyS0 at I/O 0x3f8 (irq = 4, base_baud = 115200) is a 16550A
[    5.136005] Linux agpgart interface v0.103
[    5.164777] brd: module loaded
[    5.197607] loop: module loaded
[    5.246627] scsi host0: ata_piix
[    5.274137] scsi host1: ata_piix
[    5.314712] ata1: PATA max UDMA/33 cmd 0x1f0 ctl 0x3f6 bmdma 0xd000 irq 14
[    5.391776] ata2: PATA max UDMA/33 cmd 0x170 ctl 0x376 bmdma 0xd008 irq 15
[    5.470313] libphy: Fixed MDIO Bus: probed
[    5.504526] tsc: Refined TSC clocksource calibration: 3099.999 MHz
[    5.517746] clocksource: tsc: mask: 0xffffffffffffffff max_cycles: 0x2caf46e03c8, max_idle_ns: 440795329092 ns
[    5.561973] tun: Universal TUN/TAP device driver, 1.6
[    5.564773] tun: (C) 1999-2004 Max Krasnyansky <maxk@qualcomm.com>
[    5.570436] PPP generic driver version 2.4.2
[    5.584401] ehci_hcd: USB 2.0 'Enhanced' Host Controller (EHCI) Driver
[    5.618091] ehci-pci: EHCI PCI platform driver
[    5.619117] ehci-platform: EHCI generic platform driver
[    5.620236] ohci_hcd: USB 1.1 'Open' Host Controller (OHCI) Driver
[    5.633035] ohci-pci: OHCI PCI platform driver
[    5.698857] ohci-platform: OHCI generic platform driver
[    5.790404] uhci_hcd: USB Universal Host Controller Interface driver
[    5.893008] i8042: PNP: PS/2 Controller [PNP0303:PS2K,PNP0f03:PS2M] at 0x60,0x64 irq 1,12
[    5.984012] serio: i8042 KBD port at 0x60,0x64 irq 1
[    5.985096] serio: i8042 AUX port at 0x60,0x64 irq 12
[    6.066160] mousedev: PS/2 mouse device common for all mice
[    6.088903] input: AT Translated Set 2 keyboard as /devices/platform/i8042/serio0/input/input2
[    6.102522] rtc_cmos rtc_cmos: rtc core: registered rtc_cmos as rtc0
[    6.108613] rtc_cmos rtc_cmos: alarms up to one day, 114 bytes nvram
[    6.156042] i2c /dev entries driver
[    6.157027] device-mapper: uevent: version 1.0.3
[    6.209794] device-mapper: ioctl: 4.34.0-ioctl (2015-10-28) initialised: dm-devel@redhat.com
[    6.224734] ledtrig-cpu: registered to indicate activity on CPUs
[    6.238457] NET: Registered protocol family 10
[    6.246830] NET: Registered protocol family 17
[    6.251564] Key type dns_resolver registered
[    6.255369] microcode: CPU0 sig=0x306d4, pf=0x40, revision=0x0
[    6.276294] microcode: CPU1 sig=0x306d4, pf=0x40, revision=0x0
[    6.284063] microcode: Microcode Update Driver: v2.01 <tigran@aivazian.fsnet.co.uk>, Peter Oruba
[    6.288262] registered taskstats version 1
[    6.328034] Loading compiled-in X.509 certificates
[    6.330311] Loaded X.509 cert 'Build time autogenerated kernel key: e9dbd2fef92418dc580496786c7b3d419aa7d17d'
[    6.380809] zswap: loaded using pool lzo/zbud
[    6.400060] Key type trusted registered
[    6.437421] Key type encrypted registered
[    6.456683] AppArmor: AppArmor sha1 policy hashing enabled
[    6.457945] ima: No TPM chip found, activating TPM-bypass!
[    6.476667] evm: HMAC attrs: 0x1
[    6.485020]   Magic number: 1:286:895
[    6.500663] rtc_cmos rtc_cmos: setting system clock to 2017-05-02 17:53:05 UTC (1493747585)
[    6.549320] BIOS EDD facility v0.16 2004-Jun-25, 0 devices found
[    6.637084] EDD information not available.
[    6.656200] Freeing unused kernel memory: 1480K (ffffffff81f43000 - ffffffff820b5000)
[    6.721364] Write protecting the kernel read-only data: 14336k
[    6.724425] Freeing unused kernel memory: 1800K (ffff88000183e000 - ffff880001a00000)
[    6.747139] Freeing unused kernel memory: 140K (ffff880001ddd000 - ffff880001e00000)
Loading, please [    6.795594] random: systemd-udevd: uninitialized urandom read (16 bytes read, 3 bits of entropy available)
wait...
startin[    6.799788] random: udevadm: uninitialized urandom read (16 bytes read, 3 bits of entropy available)
g version 229
[    6.799819] random: udevadm: uninitialized urandom read (16 bytes read, 3 bits of entropy available)
[    6.799905] random: udevadm: uninitialized urandom read (16 bytes read, 3 bits of entropy available)
[    6.799935] random: udevadm: uninitialized urandom read (16 bytes read, 3 bits of entropy available)
[    6.799966] random: udevadm: uninitialized urandom read (16 bytes read, 3 bits of entropy available)
[    6.799998] random: udevadm: uninitialized urandom read (16 bytes read, 3 bits of entropy available)
[    6.800026] random: udevadm: uninitialized urandom read (16 bytes read, 3 bits of entropy available)
[    6.800055] random: udevadm: uninitialized urandom read (16 bytes read, 3 bits of entropy available)
[    6.800084] random: udevadm: uninitialized urandom read (16 bytes read, 3 bits of entropy available)
[    7.469794] Fusion MPT base driver 3.04.20
[    7.470890] e1000: Intel(R) PRO/1000 Network Driver - version 7.3.21-k8-NAPI
[    7.470890] e1000: Copyright (c) 1999-2006 Intel Corporation.
[    7.507853] Copyright (c) 1999-2008 LSI Corporation
[    7.528075] Fusion MPT SPI Host driver 3.04.20
[    7.576275] AVX version of gcm_enc/dec engaged.
[    7.582770] AES CTR mode by8 optimization enabled
[    7.667491] input: ImExPS/2 Generic Explorer Mouse as /devices/platform/i8042/serio1/input/input4
[    7.897650] e1000 0000:00:03.0 eth0: (PCI:33MHz:32-bit) 02:d8:e4:47:7a:33
[    8.032915] e1000 0000:00:03.0 eth0: Intel(R) PRO/1000 Network Connection
[    8.036318] mptbase: ioc0: Initiating bringup
[    8.098172] e1000 0000:00:03.0 enp0s3: renamed from eth0
[    8.203921] ioc0: LSI53C1030 A0: Capabilities={Initiator}
[    8.397190] scsi host2: ioc0: LSI53C1030 A0, FwRev=00000000h, Ports=1, MaxQ=256, IRQ=20
[    8.529378] scsi 2:0:0:0: Direct-Access     VBOX     HARDDISK         1.0  PQ: 0 ANSI: 5
[    8.641535] scsi target2:0:0: Beginning Domain Validation
[    8.658905] scsi target2:0:0: Domain Validation skipping write tests
[    8.716721] scsi target2:0:0: Ending Domain Validation
[    8.738426] scsi target2:0:0: asynchronous
[    8.749216] scsi 2:0:1:0: Direct-Access     VBOX     HARDDISK         1.0  PQ: 0 ANSI: 5
[    8.890023] scsi target2:0:1: Beginning Domain Validation
[    8.957385] scsi target2:0:1: Domain Validation skipping write tests
[    8.960960] scsi target2:0:1: Ending Domain Validation
[    8.962133] scsi target2:0:1: asynchronous
[    9.000999] sd 2:0:0:0: [sda] 20971520 512-byte logical blocks: (10.7 GB/10.0 GiB)
[    9.060542] sd 2:0:0:0: Attached scsi generic sg0 type 0
[    9.104447] sd 2:0:0:0: [sda] Write Protect is off
[    9.105045] sd 2:0:1:0: Attached scsi generic sg1 type 0
[    9.105251] sd 2:0:1:0: [sdb] 20480 512-byte logical blocks: (10.5 MB/10.0 MiB)
[    9.105415] sd 2:0:1:0: [sdb] Write Protect is off
[    9.105538] sd 2:0:1:0: [sdb] Incomplete mode parameter data
[    9.105538] sd 2:0:1:0: [sdb] Assuming drive cache: write through
[    9.107323] sd 2:0:1:0: [sdb] Attached SCSI disk
[    9.210512] sd 2:0:0:0: [sda] Incomplete mode parameter data
[    9.254609] sd 2:0:0:0: [sda] Assuming drive cache: write through
[    9.272221]  sda: sda1
[    9.304375] sd 2:0:0:0: [sda] Attached SCSI disk
[   10.623259] floppy0: no floppy controllers found
Begin: Loading e[   12.023947] md: linear personality registered for level -1
ssential drivers[   12.083351] md: multipath personality registered for level -4
 ... [   12.134725] md: raid0 personality registered for level 0
[   12.186325] md: raid1 personality registered for level 1
[   12.314250] raid6: sse2x1   gen()  9576 MB/s
[   12.418524] raid6: sse2x1   xor()  7584 MB/s
[   12.530737] raid6: sse2x2   gen() 12263 MB/s
[   12.622503] raid6: sse2x2   xor()  8212 MB/s
[   12.762361] raid6: sse2x4   gen()  7214 MB/s
[   12.850661] raid6: sse2x4   xor()  5475 MB/s
[   12.855577] raid6: using algorithm sse2x2 gen() 12263 MB/s
[   12.872231] raid6: .... xor() 8212 MB/s, rmw enabled
[   12.883955] raid6: using ssse3x2 recovery algorithm
[   12.889874] xor: automatically using best checksumming function:
[   12.958260]    avx       : 20849.000 MB/sec
[   12.972881] async_tx: api initialized (async)
[   12.986126] md: raid6 personality registered for level 6
[   12.987664] md: raid5 personality registered for level 5
[   12.998920] md: raid4 personality registered for level 4
[   13.035506] md: raid10 personality registered for level 10
done.
Begin: Running /scripts/init-premount ... done.
Begin: Mounting root file system ... Begin: Running /scripts/local-top ... done.
Begin: Running /scripts/local-premount ... [   13.084568] Btrfs loaded
Scanning for Btrfs filesystems
done.
Warning: fsck not present, so skipping root file system
[   13.132940] EXT4-fs (sda1): mounted filesystem with ordered data mode. Opts: (null)
done.
Begin: Running /scripts/local-bottom ... done.
Begin: Running /scripts/init-bottom ... Warning: overlayroot: debug is busted
done.
[   13.212880] systemd[1]: systemd 229 running in system mode. (+PAM +AUDIT +SELINUX +IMA +APPARMOR +SMACK +SYSVINIT +UTMP +LIBCRYPTSETUP +GCRYPT +GNUTLS +ACL +XZ -LZ4 +SECCOMP +BLKID +ELFUTILS +KMOD -IDN)
[   13.221682] systemd[1]: Detected virtualization oracle.
[   13.251468] systemd[1]: Detected architecture x86-64.

Welcome to [1mUbuntu 16.04.1 LTS[0m!

[   13.273849] systemd[1]: Set hostname to <ubuntu>.
[   13.286196] systemd[1]: Initializing machine ID from random generator.
[   13.297461] systemd[1]: Installed transient /etc/machine-id file.
[   13.370733] systemd[1]: Listening on Journal Audit Socket.
[[0;32m  OK  [0m] Listening on Journal Audit Socket.
[   13.414762] systemd[1]: Listening on udev Kernel Socket.
[[0;32m  OK  [0m] Listening on udev Kernel Socket.
[   13.523018] systemd[1]: Created slice User and Session Slice.
[[0;32m  OK  [0m] Created slice User and Session Slice.
[   13.655254] systemd[1]: Created slice System Slice.
[[0;32m  OK  [0m] Created slice System Slice.
[   13.734588] systemd[1]: Reached target Encrypted Volumes.
[[0;32m  OK  [0m] Reached target Encrypted Volumes.
[   13.762710] systemd[1]: Started Forward Password Requests to Wall Directory Watch.
[[0;32m  OK  [0m] Started Forward Password Requests to Wall Directory Watch.
[   13.782487] systemd[1]: Listening on Device-mapper event daemon FIFOs.
[[0;32m  OK  [0m] Listening on Device-mapper event daemon FIFOs.
[   13.794674] systemd[1]: Created slice system-serial\x2dgetty.slice.
[[0;32m  OK  [0m] Created slice system-serial\x2dgetty.slice.
[   13.807145] systemd[1]: Listening on Journal Socket (/dev/log).
[[0;32m  OK  [0m] Listening on Journal Socket (/dev/log).
[   13.823404] systemd[1]: Listening on /dev/initctl Compatibility Named Pipe.
[[0;32m  OK  [0m] Listening on /dev/initctl Compatibility Named Pipe.
[   13.837836] systemd[1]: Listening on Journal Socket.
[[0;32m  OK  [0m] Listening on Journal Socket.
[   13.870942] systemd[1]: Starting Load Kernel Modules...
         Starting Load Kernel Modules...
[   13.877934] systemd[1]: Listening on LVM2 metadata daemon socket.
[[0;32m  OK  [0m] Listening on LVM2 metadata daemon socket.
[   13.884554] Loading iSCSI transport class v2.0-870.
[   13.885244] systemd[1]: Starting Monitoring of LVM2 mirrors, snapshots etc. using dmeventd or progress polling...
         [   14.017657] iscsi: registered transport (tcp)
Starting Monitoring of LVM2 mirr[   14.058466] iscsi: registered transport (iser)
ors... dmeventd or progress polling...
[   14.134828] systemd[1]: Starting Create list of required static device nodes for the current kernel...
         Starting Create list of required st... nodes for the current kernel...
[   14.318688] systemd[1]: Reached target Slices.
[[0;32m  OK  [0m] Reached target Slices.
[   14.358612] systemd[1]: Listening on udev Control Socket.
[[0;32m  OK  [0m] Listening on udev Control Socket.
[   14.503122] systemd[1]: Starting Remount Root and Kernel File Systems...
[   14.577444] random: nonblocking pool is initialized
         Starting Remount[   14.677939] EXT4-fs (sda1): re-mounted. Opts: (null)
 Root and Kernel File Systems...
[   14.762851] systemd[1]: Reached target User and Group Name Lookups.
[[0;32m  OK  [0m] Reached target User and Group Name Lookups.
[   14.906596] systemd[1]: Starting Uncomplicated firewall...
         Starting Uncomplicated firewall...
[   15.023114] systemd[1]: Reached target Swap.
[[0;32m  OK  [0m] Reached target Swap.
[   15.094909] systemd[1]: Listening on Syslog Socket.
[[0;32m  OK  [0m] Listening on Syslog Socket.
[   15.183145] systemd[1]: Starting Journal Service...
         Starting Journal Service...
[   15.234707] systemd[1]: Set up automount Arbitrary Executable File Formats File System Automount Point.
[[0;32m  OK  [0m] Set up automount Arbitrary Executab...ats File System Automount Point.
[   15.358772] systemd[1]: Mounting Huge Pages File System...
         Mounting Huge Pages File System...
[   15.458582] systemd[1]: Starting Set console keymap...
         Starting Set console keymap...
[   15.562658] systemd[1]: Mounting Debug File System...
         Mounting Debug File System...
[   15.626679] systemd[1]: Listening on LVM2 poll daemon socket.
[[0;32m  OK  [0m] Listening on LVM2 poll daemon socket.
[   15.786735] systemd[1]: Mounting POSIX Message Queue File System...
         Mounting POSIX Message Queue File System...
[   15.902684] systemd[1]: Starting Nameserver information manager...
         Starting Nameserver information manager...
[   16.016131] systemd[1]: Mounted Debug File System.
[[0;32m  OK  [0m] Mounted Debug File System.
[   16.119240] systemd[1]: Mounted Huge Pages File System.
[[0;32m  OK  [0m] Mounted Huge Pages File System.
[   16.247169] systemd[1]: Mounted POSIX Message Queue File System.
[[0;32m  OK  [0m] Mounted POSIX Message Queue File System.
[   16.419304] systemd[1]: Started Journal Service.
[[0;32m  OK  [0m] Started Journal Service.
[[0;32m  OK  [0m] Started Load Kernel Modules.
[[0;32m  OK  [0m] Started Create list of required sta...ce nodes for the current kernel.
[[0;32m  OK  [0m] Started Remount Root and Kernel File Systems.
[[0;32m  OK  [0m] Started Uncomplicated firewall.
[[0;32m  OK  [0m] Started Set console keymap.
[[0;32m  OK  [0m] Started Nameserver information manager.
[[0;32m  OK  [0m] Started LVM2 metadata daemon.
         Starting Initial cloud-init job (pre-networking)...
         Starting Load/Save Random Seed...
         Starting udev Coldplug all Devices...
         Starting Create Static Device Nodes in /dev...
         Starting Apply Kernel Variables...
         Mounting FUSE Control File System...
         Starting Flush Journal to Persistent Storage...
[[0;32m  OK  [0m] Mounted FUSE Control File System.
[[0;32m  OK  [0m] Started Load/Save Random Seed.
[[0;32m  OK  [0m] Started Create Static Device Nodes in /dev.
[[0;32m  OK  [0m] Started Apply Kernel Variables.
[[0;32m  OK  [0m] Started udev Coldplug all Devices.
[[0;32m  OK  [0m] Started Flush Journal to Persistent Storage.
         Starting udev Kernel Device Manager...
[[0;32m  OK  [0m] Started udev Kernel Device Manager.
[[0;32m  OK  [0m] Started Dispatch Password Requests to Console Directory Watch.
[[0;32m  OK  [0m] Started Monitoring of LVM2 mirrors,...ng dmeventd or progress polling.
[[0;32m  OK  [0m] Reached target Local File Systems (Pre).
[[0;32m  OK  [0m] Reached target Local File Systems.
         Starting Create Volatile Files and Directories...
         Starting LSB: AppArmor initialization...
         Starting Commit a transient machine-id on disk...
         Starting Tell Plymouth To Write Out Runtime Data...
         Starting Set console font and keymap...
[[0;32m  OK  [0m] Started Create Volatile Files and Directories.
[[0;32m  OK  [0m] Started Commit a transient machine-id on disk.
[[0;32m  OK  [0m] Started Tell Plymouth To Write Out Runtime Data.
[[0;32m  OK  [0m] Found device /dev/ttyS0.
[[0;32m  OK  [0m] Listening on Load/Save RF Kill Switch Status /dev/rfkill Watch.
         Starting Update UTMP about System Boot/Shutdown...
[[0;32m  OK  [0m] Reached target System Time Synchronized.
[[0;32m  OK  [0m] Started Set console font and keymap.
[[0;32m  OK  [0m] Created slice system-getty.slice.
[[0;32m  OK  [0m] Started LSB: AppArmor initialization.
[[0;32m  OK  [0m] Started Update UTMP about System Boot/Shutdown.
[   46.275044] cloud-init[467]: Cloud-init v. 0.7.8 running 'init-local' at Tue, 02 May 2017 17:53:16 +0000. Up 15.02 seconds.
[[0;32m  OK  [0m] Started Initial cloud-init job (pre-networking).
[[0;32m  OK  [0m] Reached target Network (Pre).
         Starting Raise network interfaces...
[[0;32m  OK  [0m] Started Raise network interfaces.
[[0;32m  OK  [0m] Reached target Network.
         Starting Initial cloud-init job (metadata service crawler)...
[   47.672210] cloud-init[1032]: Cloud-init v. 0.7.8 running 'init' at Tue, 02 May 2017 17:53:48 +0000. Up 47.03 seconds.
[   47.701171] cloud-init[1032]: ci-info: +++++++++++++++++++++++++++++++++++++Net device info++++++++++++++++++++++++++++++++++++++
[   47.727137] cloud-init[1032]: ci-info: +--------+------+----------------------------+---------------+-------+-------------------+
[   47.761243] cloud-init[1032]: ci-info: | Device |  Up  |          Address           |      Mask     | Scope |     Hw-Address    |
[   47.786524] cloud-init[[0;32m  OK  [0m] Started Initial cloud-init job (metadata service crawler).
[1032]: ci-info: +--------+------+----------------------------+---------------+-------+-------------------+
[   47.845798] [cloud-init[0;32m  OK  [0m[1032]: ] ci-info: |   lo   | True |         127.0.0.1          |   255.0.0.0   |   .   |         .         |Reached target System Initialization.

[[0;32m  OK  [0m] Listening on D-Bus System Message Bus Socket.
[   47.846437] cloud-init[1032]: ci-info: |   lo   | True |          ::1/128           |       .       |  host |         .         |
[   47.951863] [cloud-init[0;32m  OK  [0m[1032]: ] ci-info: | enp0s3 | True |         10.0.2.15          | 255.255.255.0 |   .   | 02:d8:e4:47:7a:33 |Started Daily Cleanup of Temporary Directories.

[   47.952748] cloud-init[1032]: ci-info: | enp0s3 | True | fe80::d8:e4ff:fe47:7a33/64 |       .       |  link | 02:d8:e4:47:7a:33 |
[   48.088645]          cloud-initStarting Socket activation for snappy daemon.[1032]: 
ci-info: +--------+------+----------------------------+---------------+-------+-------------------+
[   48.156456] [cloud-init[0;32m  OK  [0m[1032]: ] ci-info: +++++++++++++++++++++++++++Route IPv4 info++++++++++++++++++++++++++++Listening on UUID daemon activation socket.

[   48.157116] [cloud-init[0;32m  OK  [0m[1032]: ] ci-info: +-------+-------------+----------+---------------+-----------+-------+Started Daily apt activities.

[   48.185958] [cloud-init[0;32m  OK  [0m[1032]: ] ci-info: | Route | Destination | Gateway  |    Genmask    | Interface | Flags |Started Trigger resolvconf update for networkd DNS.

[[0;32m  OK  [0m] Listening on ACPID Listen Socket.
[[0;32m  OK  [0m] Started ACPI Events Check.
[[0;32m  OK  [0m] Reached target Paths.
[   48.186612] cloud-init[1032]: ci-info: +-------+-------------+----------+---------------+-----------+-------+
[[0;32m  OK  [0m] Started Timer to automatically refresh installed snaps.
[   48.248686] cloud-init[1032]: ci-info: |   0   |   0.0.0.0   | 10.0.2.2 |    0.0.0.0    |   enp0s3  |   UG  |
[[0;32m  OK  [0m] Reached target Timers.
[   48.249433]          cloud-initStarting LXD - unix socket.[1032]: 
ci-info: |   1   |   10.0.2.0  | 0.0.0.0  | 255.255.255.0 |   enp0s3  |   U   |
[   48.400438] [cloud-init[0;32m  OK  [0m[1032]: ] ci-info: +-------+-------------+----------+---------------+-----------+-------+Reached target Network is Online.

[   48.400951] cloud-init[1032]: Generating public/private rsa key pair.
[   48.424267] cloud-init[1032]: Your identification has been saved in /etc/ssh/ssh_host_rsa_key.
[   48.431246]          Starting iSCSI initiator daemon (iscsid)...
[[0;32m  OK  [0m] Reached target Cloud-config availability.
cloud-init[1032]: Your public key has been saved in /etc/ssh/ssh_host_rsa_key.pub.
[   48.484438] [cloud-init[0;32m  OK  [0m[1032]: ] The key fingerprint is:Listening on Socket activation for snappy daemon.

[   48.521167] [cloud-init[0;32m  OK  [0m[1032]: ] SHA256:JjqPZThIGnDOkdoSv4kgVp99gt03sGvt9hm1EFQH79k root@ubuntu-xenialListening on LXD - unix socket.

[   48.540597] [cloud-init[0;32m  OK  [0m[1032]: ] The key's randomart image is:Started iSCSI initiator daemon (iscsid).

[   48.541215] cloud-init[1032]: +---[RSA 2048]----+
[   48.568462]          cloud-initStarting Login to default iSCSI targets...[1032]: 
|             .oo.|
[   48.592390] [cloud-init[0;32m  OK  [0m[1032]: ] |   .        .  ..|Reached target Sockets.

[[0;32m  OK  [0m] Reached target Basic System.
[   48.592973] cloud-init[1032]: |o +.     .   .  .|
[   48.632575] cloud-init[1032]: |.O... = . o   ..o|
[   48.638176] cloud-init[1032]: |*.*  +.+S+ o . oE|
         Starting Apply the settings specified in cloud-config...
[   48.667585] cloud-init[1032]: |+* + o oo + . o .|
[   48.708443] cloud-init[1032]: |o + = o  o . . . |
         Starting Accounts Service...
[   48.729844] cloud-init[1032]: |     B  . ..  o  |
         Starting Pollinate to seed the pseudo random number generator...
[   48.830891] cloud-init[1032]: |    . .   ...o   |
[   48.897506] cloud-init[1032]: +----[SHA256]-----+
[[0;32m  OK  [0m] Started Regular background program processing daemon.
[   48.928484] cloud-init[1032]: Generating public/private dsa key pair.
[[0;32m  OK  [0m] Started Snappy daemon.
[   48.956977] cloud-init[1032]: Your identification has been saved in /etc/ssh/ssh_host_dsa_key.
[   49.006246] cloud-init[1032]: Your public key has been saved in /etc/ssh/ssh_host_dsa_key.pub.
         Starting /etc/rc.local Compatibility...
[   49.038116] cloud-init[1032]: The key fingerprint is:
[   49.052701] cloud-init[1032]: SHA256:qGFeC/hXzefj9y/XXwP8oM3szZR9WNYitz+gcIhQ+wc root@ubuntu-xenial
[   49.092347] cloud-init[1032]: The key's randomart image is:
[   49.092424] cloud-init[1032]: +---[DSA 1024]----+
[   49.092469] cloud-init[1032]: |                 |
[   49.092496] cloud-init[1032]: |       .         |
[   49.092529] cloud-init[1032]: |      . .        |
[   49.092578] cloud-init[1032]: |   . . o E  .   .|
[   49.093123] cloud-init[1032]: |  . + + S = o+o +|
[   49.093181] cloud-init[1032]: |   + = + + ==++*o|
[   49.093224] cloud-init[1032]: |    + o   +.+++==|
[   49.093267] cloud-init[1032]: |     .     o..*o*|
[   49.093307] cloud-init[1032]: |            .o *O|
[   49.093349] cloud-init[1032]: +----[SHA256]-----+
[   49.093391] cloud-init[1032]: Generating public/private ecdsa key pair.
[   49.093435] cloud-init[1032]: Your identification has been saved in /etc/ssh/ssh_host_ecdsa_key.
[   49.093479] cloud-init[1032]: Your public key has been saved in /etc/ssh/ssh_host_ecdsa_key.pub.
[   49.093524] cloud-init[1032]: The key fingerprint is:
[   49.093567] cloud-init[1032]: SHA256:q3639nmGoNz8CcUC9vTCtakWr5wiy45hPObXbBz4sUg root@ubuntu-xenial
[   49.093609] cloud-init[1032]: The key's randomart image is:
[   49.093648] cloud-init[1032]: +---[ECDSA 256]---+
[   49.093695] cloud-init[1032]: |                 |
[   49.093735] cloud-init[1032]: |                 |
[   49.093777] cloud-init[1032]: |        o . .    |
[   49.093818] cloud-init[1032]: |       . = + o   |
[   49.093861] cloud-init[1032]: |       .S * *    |
[   49.093900] cloud-init[1032]: |   .  E o..B     |
[   49.093939] cloud-init[1032]: |    *. B.B+...   |
[   49.094014] cloud-init[1032]: |   + =+.%o=+.oo  |
[   49.094057] cloud-init[1032]: |    o+*= +=+=o   |
[   49.094094] cloud-init[1032]: +----[SHA256]-----+
[   49.094133] cloud-init[1032]: Generating public/private ed25519 key pair.
[   49.094172] cloud-init[1032]: Your identification has been saved in /etc/ssh/ssh_host_ed25519_key.
[   49.094217] cloud-init[1032]: Your public key has been saved in /etc/ssh/ssh_host_ed25519_key.pub.
[   49.094253] cloud-init[1032]: The key fingerprint is:
[   49.094290] cloud-init[1032]: SHA256:gHwkSE3aT5k6kv1NzpatAh5IKwLglWDmauAvvJO5YsQ root@ubuntu-xenial
[   49.094330] cloud-init[1032]: The key's randomart image is:
[   49.094370] cloud-init[1032]: +--[ED25519 256]--+
[   49.094411] cloud-init[1032]: | =o++ .          |
[   49.094452] cloud-init[1032]: |= .*.+ o         |
[   49.094494] cloud-init[1032]: |+.o + *          |
[   49.094544] cloud-init[1032]: |=..o = .         |
[   49.094587] cloud-init[1032]: |++oo+ . S        |
[   49.094629] cloud-init[1032]: |=E+.oo = o       |
[   49.094672] cloud-init[1032]: |o+oo o. * .      |
[   49.094717] cloud-init[1032]: |.=o . .. .       |
[   49.094757] cloud-init[1032]: |ooo    ..        |
[   49.094800] cloud-init[1032]: +----[SHA256]-----+
         Starting LSB: MD monitoring daemon...
         Starting LSB: Record successful boot for GRUB...
         Starting Auto import assertions from block devices...
         Starting LXD - container startup/shutdown...
         Starting Login Service...
[[0;32m  OK  [0m] Started D-Bus System Message Bus.
[[0;32m  OK  [0m] Started ACPI event daemon.
         Starting System Logging Service...
[[0;32m  OK  [0m] Started FUSE filesystem for LXC.
[[0;32m  OK  [0m] Started Deferred execution scheduler.
[[0;32m  OK  [0m] Started System Logging Service.
[[0;32m  OK  [0m] Started Pollinate to seed the pseudo random number generator.
[[0;32m  OK  [0m] Started /etc/rc.local Compatibility.
[   49.649401] cloud-init[1128]: Generating locales (this might take a while)...
[[0;32m  OK  [0m] Started Auto import assertions from block devices.
[[0;32m  OK  [0m] Started Login to default iSCSI targets.
[[0;32m  OK  [0m] Started LSB: MD monitoring daemon.
[[0;32m  OK  [0m] Started LSB: Record successful boot for GRUB.
[[0;32m  OK  [0m] Started Login Service.
         Starting Authenticate and Authorize Users to Run Privileged Tasks...
[[0;32m  OK  [0m] Reached target Remote File Systems (Pre).
[[0;32m  OK  [0m] Reached target Remote File Systems.
         Starting LSB: VirtualBox Linux Additions...
         Starting Permit User Sessions...
         Starting LSB: Set the CPU Frequency Scaling governor to "ondemand"...
         Starting LSB: daemon to balance interrupts for SMP systems...
         Starting LSB: automatic crash report generation...
         Starting OpenBSD Secure Shell server...
[[0;32m  OK  [0m] Started OpenBSD Secure Shell server.
[[0;32m  OK  [0m] Started Permit User Sessions.
[[0;32m  OK  [0m] Started Authenticate and Authorize Users to Run Privileged Tasks.
[[0;32m  OK  [0m] Started Accounts Service.
[[0;32m  OK  [0m] Started LSB: Set the CPU Frequency Scaling governor to "ondemand".
[[0;32m  OK  [0m] Started LSB: VirtualBox Linux Additions.
         Starting Terminate Plymouth Boot Screen...
         Starting Hold until boot process finishes up...
[[0;32m  OK  [0m] Started LSB: daemon to balance interrupts for SMP systems.
[[0;32m  OK  [0m] Started LSB: automatic crash report generation.
[[0;32m  OK  [0m] Started Terminate Plymouth Boot Screen.
[[0;32m  OK  [0m] Started Hold until boot process finishes up.
[[0;32m  OK  [0m] Started Serial Getty on ttyS0.
         Starting Set console scheme...
[[0;32m  OK  [0m] Started Getty on tty1.
[[0;32m  OK  [0m] Reached target Login Prompts.
[[0;32m  OK  [0m] Started Set console scheme.
[   51.123339] cloud-init[1128]:   en_US.UTF-8... done
[   51.184803] cloud-init[1128]: Generation complete.
         Stopping OpenBSD Secure Shell server...
[[0;32m  OK  [0m] Stopped OpenBSD Secure Shell server.
         Starting OpenBSD Secure Shell server...
[[0;32m  OK  [0m] Started OpenBSD Secure Shell server.
[[0;32m  OK  [0m] Created slice User Slice of ubuntu.
         Starting User Manager for UID 1000...
[[0;32m  OK  [0m] Started User Manager for UID 1000.
[   51.797763] cloud-init[1128]: Cloud-init v. 0.7.8 running 'modules:config' at Tue, 02 May 2017 17:53:50 +0000. Up 49.37 seconds.
[[0;32m  OK  [0m] Started Session 1 of user ubuntu.
[[0;32m  OK  [0m] Started Apply the settings specified in cloud-config.
[[0;32m  OK  [0m] Started Session 2 of user ubuntu.
         Stopping LSB: VirtualBox Linux Additions...
[[0;32m  OK  [0m] Stopped LSB: VirtualBox Linux Additions.

Ubuntu 16.04.1 LTS ubuntu-xenial ttyS0

ubuntu-xenial login: ci-info: +++++Authorized keys from /home/ubuntu/.ssh/authorized_keys for user ubuntu++++++
ci-info: +---------+-------------------------------------------------+---------+---------+
ci-info: | Keytype |                Fingerprint (md5)                | Options | Comment |
ci-info: +---------+-------------------------------------------------+---------+---------+
ci-info: | ssh-rsa | d9:98:0d:10:d3:86:de:4e:c0:c5:ac:e1:e4:76:4f:4c |    -    | vagrant |
ci-info: +---------+-------------------------------------------------+---------+---------+
<14>May  2 17:54:21 ec2: 
<14>May  2 17:54:21 ec2: #############################################################
<14>May  2 17:54:21 ec2: -----BEGIN SSH HOST KEY FINGERPRINTS-----
<14>May  2 17:54:21 ec2: 1024 SHA256:qGFeC/hXzefj9y/XXwP8oM3szZR9WNYitz+gcIhQ+wc root@ubuntu-xenial (DSA)
<14>May  2 17:54:21 ec2: 256 SHA256:q3639nmGoNz8CcUC9vTCtakWr5wiy45hPObXbBz4sUg root@ubuntu-xenial (ECDSA)
<14>May  2 17:54:21 ec2: 256 SHA256:gHwkSE3aT5k6kv1NzpatAh5IKwLglWDmauAvvJO5YsQ root@ubuntu-xenial (ED25519)
<14>May  2 17:54:21 ec2: 2048 SHA256:JjqPZThIGnDOkdoSv4kgVp99gt03sGvt9hm1EFQH79k root@ubuntu-xenial (RSA)
<14>May  2 17:54:21 ec2: -----END SSH HOST KEY FINGERPRINTS-----
<14>May  2 17:54:21 ec2: #############################################################
-----BEGIN SSH HOST KEY KEYS-----
ecdsa-sha2-nistp256 AAAAE2VjZHNhLXNoYTItbmlzdHAyNTYAAAAIbmlzdHAyNTYAAABBBBmwXr1cBFBIiOqU4IU02BkZVkSfBgVzCcnaz046uDcDHR1/HilCYs7lk79qqvmZ+GgeHkyd62wZsOL3Enl8xpA= root@ubuntu-xenial
ssh-ed25519 AAAAC3NzaC1lZDI1NTE5AAAAIFg8J71ia2I4dGcc1Ix1Z85jccBtDxIkU2CYkrVJ6bOj root@ubuntu-xenial
ssh-rsa AAAAB3NzaC1yc2EAAAADAQABAAABAQCh6+MuCveuxR8SezQCKeEi08+JJdT/Hu+k8X0K4Dj2tNleY8qE8UsEfOXkSQffH1HGC8QciqV75zkHoHwGBClIqjlSp9ARshJwy+KVoCmjVVz8YL52G6lqQPzy67hFM/X8IjwA6pUbLbVHvgvaW4DV1JkL6e5u95wPdUy0a53rQcmgT3b8ie6xwbAU8M5HC3K0MA2DKv204o9jU3EwSsaFRXOZ2Lg21SSNj7rYZsGp5/8Zwqbuui86W/p8kxrmr977Ni5cRSbwml3yalZJF7GUV/Ajf69SYNhGkJCUAO/pA3/lrmnl3IfVg1z2910F4rrzP5+I5YRapf9IgvR7qoU5 root@ubuntu-xenial
-----END SSH HOST KEY KEYS-----
[   80.181422] cloud-init[2064]: Cloud-init v. 0.7.8 running 'modules:final' at Tue, 02 May 2017 17:54:21 +0000. Up 80.01 seconds.
[   80.181530] cloud-init[2064]: Cloud-init v. 0.7.8 finished at Tue, 02 May 2017 17:54:21 +0000. Datasource DataSourceNoCloud [seed=/dev/sdb][dsmode=net].  Up 80.17 seconds
